200                 0.00001997          1282.2              1300                1257                
500                 0.00005691          3853.5              3885                3830                
800                 0.00010351          6725.2              6758                6673                
1100                0.00014531          9739.5              9781                9691                
1400                0.00018848          12896.8             12950               12850               
1700                0.00023100          16129.5             16181               16086               
2000                0.00026761          19412.0             19466               19311               
2300                0.00031198          22818.3             22913               22765               
2600                0.00035242          26266.7             26333               26203               
2900                0.00042446          29753.8             29847               29673               
3200                0.00045062          33275.6             33358               33185               
3500                0.00049860          36838.1             36920               36754               
3800                0.00054890          40428.8             40521               40336               
4100                0.00058857          44026.0             44108               43923               
4400                0.00062595          47750.3             47821               47667               
4700                0.00067955          51485.2             51570               51403               
5000                0.00073428          55230.9             55327               55127               
5300                0.00078643          58992.3             59085               58904               
5600                0.00083993          62779.1             62879               62676               
5900                0.00086494          66574.8             66709               66462               
6200                0.00090831          70384.5             70530               70282               
6500                0.00098102          74241.8             74384               74084               
6800                0.00102797          78093.0             78232               77974               
7100                0.00106958          81978.9             82079               81829               
7400                0.00114708          85855.4             85995               85748               
7700                0.00118810          89745.0             89845               89600               
8000                0.00123953          93647.9             93763               93490               
8300                0.00123935          97583.2             97695               97462               
8600                0.00134350          101607.3            101749              101485              
8900                0.00138910          105640.2            105759              105502              
9200                0.00144757          109658.6            109767              109509              
9500                0.00148074          113697.8            113818              113587              
9800                0.00153363          117749.5            117885              117638              
10100               0.00157019          121799.4            121996              121632              
10400               0.00163260          125869.9            126048              125681              
10700               0.00169820          129958.2            130096              129844              
11000               0.00174667          134037.0            134168              133881              
11300               0.00177817          138121.0            138272              137967              
11600               0.00184120          142211.0            142347              142048              
11900               0.00189244          146318.5            146512              146091              
12200               0.00191537          150410.3            150578              150256              
12500               0.00198454          154549.9            154706              154383              
12800               0.00208672          158714.9            158947              158532              
13100               0.00209352          162864.2            163068              162681              
13400               0.00217299          167024.6            167146              166831              
13700               0.00220332          171185.5            171330              171033              
14000               0.00224324          175363.2            175570              175226              
14300               0.00229021          179521.7            179715              179374              
14600               0.00235092          183722.9            183870              183535              
14900               0.00243341          187910.3            188067              187767              
15200               0.00245091          192105.1            192271              191925              
15500               0.00251474          196295.9            196477              196129              
15800               0.00259530          200490.5            200685              200291              
16100               0.00261210          204690.5            204898              204500              
16400               0.00265832          208903.0            209081              208738              
16700               0.00275350          213209.4            213389              213002              
17000               0.00278783          217538.6            217763              217399              
17300               0.00283893          221871.2            222062              221702              
17600               0.00289868          226175.7            226374              225974              
17900               0.00297215          230523.2            230722              230345              
18200               0.00299344          234842.4            234994              234652              
18500               0.00307044          239171.2            239408              238967              
18800               0.00313293          243518.1            243703              243313              
19100               0.00315964          247864.4            248035              247681              
19400               0.00323087          252226.1            252423              252051              
19700               0.00328666          256547.1            256783              256339              
20000               0.00333374          260903.9            261102              260709              
20300               0.00336475          265246.0            265482              264983              
20600               0.00340066          269602.0            269787              269316              
20900               0.00351152          273994.6            274216              273724              
21200               0.00358258          278362.4            278586              278090              
21500               0.00365051          282747.4            282982              282560              
21800               0.00368585          287156.1            287364              286968              
22100               0.00372666          291523.5            291726              291347              
22400               0.00377055          295921.4            296163              295721              
22700               0.00383968          300303.2            300480              300135              
23000               0.00387541          304690.0            304874              304545              
23300               0.00392431          309083.5            309355              308838              
23600               0.00395853          313477.3            313737              313260              
23900               0.00417103          317884.0            318139              317723              
24200               0.00405388          322294.2            322494              322115              
24500               0.00409694          326676.0            326868              326422              
24800               0.00418599          331115.7            331416              330938              
25100               0.00423541          335571.7            335783              335320              
25400               0.00430293          340037.1            340191              339818              
25700               0.00435345          344491.7            344708              344257              
26000               0.00442564          348941.5            349199              348749              
26300               0.00448071          353424.8            353634              353261              
26600               0.00452368          357863.1            358105              357601              
26900               0.00476097          362322.2            362533              362084              
27200               0.00462671          366799.5            367114              366572              
27500               0.00468940          371291.2            371483              371029              
27800               0.00472833          375731.6            375953              375516              
28100               0.00479619          380184.2            380408              379982              
28400               0.00483286          384682.2            384936              384426              
28700               0.00487934          389151.5            389420              388886              
29000               0.00496108          393629.8            393905              393384              
29300               0.00503566          398120.3            398397              397722              
29600               0.00510184          402613.5            402824              402376              
29900               0.00514774          407104.8            407351              406891              
