200                 0.00005319          1548.8              1879                1364                
210                 0.00004589          1665.0              2114                1423                
220                 0.00004452          1764.2              2317                1514                
230                 0.00004450          1851.5              2275                1588                
240                 0.00004672          1968.1              2390                1712                
250                 0.00004863          1995.6              2351                1736                
260                 0.00005136          2156.5              2716                1885                
270                 0.00005421          2279.6              2755                2031                
280                 0.00005549          2334.3              2937                2048                
290                 0.00005798          2439.5              2867                2116                
300                 0.00006016          2574.3              3110                2242                
310                 0.00006339          2696.3              3314                2381                
320                 0.00006598          2801.9              3337                2334                
330                 0.00006976          2902.0              3675                2546                
340                 0.00007826          2993.9              3788                2666                
350                 0.00007579          3119.3              4202                2723                
360                 0.00007521          3185.8              3918                2811                
370                 0.00008304          3331.2              4247                2905                
380                 0.00007998          3455.5              4095                3068                
390                 0.00008241          3559.9              4529                3183                
400                 0.00008448          3681.7              4740                3166                
410                 0.00008660          3785.8              4394                3321                
420                 0.00009049          3904.1              4988                3350                
430                 0.00009229          3999.3              4623                3541                
440                 0.00009484          4156.6              5201                3655                
450                 0.00009805          4269.3              5002                3731                
460                 0.00011397          4348.9              5261                3906                
470                 0.00010377          4431.9              5367                3971                
480                 0.00010508          4603.5              5684                3966                
490                 0.00010582          4659.9              5735                4062                
500                 0.00011140          4814.9              5962                4311                
510                 0.00011136          4879.0              5765                4361                
520                 0.00011504          4998.9              6494                4458                
530                 0.00011808          5220.4              6058                4630                
540                 0.00013383          5250.4              6151                4729                
550                 0.00012188          5384.8              6548                4848                
560                 0.00012421          5488.1              6539                4972                
570                 0.00012745          5580.2              6806                5052                
580                 0.00012916          5727.5              6504                5163                
590                 0.00013220          5814.4              6926                5175                
600                 0.00013539          5964.5              7051                5322                
610                 0.00013728          6056.3              7399                5429                
620                 0.00014012          6242.9              7670                5637                
630                 0.00014473          6373.5              7539                5748                
640                 0.00014499          6426.2              7710                5697                
650                 0.00014835          6588.4              7846                5835                
660                 0.00014945          6661.3              8406                5996                
670                 0.00015428          6843.9              7904                6145                
680                 0.00016592          6834.7              7887                6031                
690                 0.00015759          7046.5              8413                6162                
700                 0.00016218          7174.1              8661                6355                
710                 0.00016130          7242.2              9101                6555                
720                 0.00016434          7331.7              8545                6428                
730                 0.00018750          7522.3              9128                6736                
740                 0.00017330          7776.2              9356                6872                
750                 0.00017397          7790.1              9370                6986                
760                 0.00017649          7892.2              11968               7035                
770                 0.00017991          8076.2              9536                7133                
780                 0.00019328          8141.1              9619                7268                
790                 0.00018313          8258.5              10343               7398                
800                 0.00018865          8430.8              9732                7522                
810                 0.00018935          8488.4              9864                7502                
820                 0.00019308          8595.0              10132               7624                
830                 0.00021263          8774.0              10206               7727                
840                 0.00019967          8987.5              11445               8068                
850                 0.00020235          9084.1              10727               8030                
860                 0.00020513          9175.7              10464               8154                
870                 0.00020508          9279.8              10704               8421                
880                 0.00022078          9470.9              11641               8453                
890                 0.00020986          9426.0              11254               8487                
900                 0.00021397          9757.3              11339               8697                
910                 0.00021674          9772.0              10848               8954                
920                 0.00023983          10043.1             12231               8821                
930                 0.00022335          10097.0             11714               9069                
940                 0.00022506          10199.4             12365               9178                
950                 0.00022683          10295.5             11999               9273                
960                 0.00024581          10486.7             13003               9356                
970                 0.00023314          10608.6             12345               9661                
980                 0.00023383          10658.1             12638               9607                
990                 0.00023847          10933.6             12698               9705                
1000                0.00025927          10935.6             12621               10118               
1010                0.00024327          11013.8             12505               9971                
1020                0.00025024          11353.1             12946               10094               
1030                0.00025063          11274.9             13347               10253               
1040                0.00027130          11501.2             13586               10301               
