200                 0.00004587          1526.0              1882                1353                
210                 0.00004014          1669.1              2199                1444                
220                 0.00004236          1765.7              2116                1500                
230                 0.00004470          1839.9              2260                1637                
240                 0.00004723          1960.5              2499                1701                
250                 0.00005006          2096.9              2850                1838                
260                 0.00005153          2144.1              2667                1837                
270                 0.00005398          2255.6              2663                1980                
280                 0.00005619          2363.8              2837                2041                
290                 0.00005787          2440.1              2952                2131                
300                 0.00006154          2559.0              3169                2291                
310                 0.00006423          2688.3              3322                2301                
320                 0.00006560          2787.1              3318                2451                
330                 0.00006822          2885.0              3533                2478                
340                 0.00007443          3006.5              3634                2645                
350                 0.00007584          3095.8              4063                2715                
360                 0.00007672          3266.3              3988                2826                
370                 0.00007862          3339.8              4189                2904                
380                 0.00008241          3490.4              4560                3149                
390                 0.00008324          3612.7              4486                3094                
400                 0.00008472          3654.5              4990                3238                
410                 0.00008763          3787.6              4853                3345                
420                 0.00008989          3876.0              4831                3453                
430                 0.00009257          3992.0              4778                3482                
440                 0.00009478          4092.1              4839                3567                
450                 0.00010315          4331.5              5559                3733                
460                 0.00010086          4321.9              5300                3822                
470                 0.00010193          4413.6              5710                3883                
480                 0.00010554          4580.3              5484                4023                
490                 0.00010755          4655.2              5728                4149                
500                 0.00011028          4788.4              5895                4236                
510                 0.00011319          4909.0              5839                4381                
520                 0.00011606          5064.5              6128                4428                
530                 0.00012500          5125.4              6121                4545                
540                 0.00011961          5243.3              6222                4749                
550                 0.00012285          5385.5              6123                4756                
560                 0.00012527          5508.6              6342                4864                
570                 0.00012738          5599.6              6635                4869                
580                 0.00013043          5721.5              6698                5068                
590                 0.00013246          5808.9              6636                5119                
600                 0.00014616          6013.3              7572                5375                
610                 0.00013738          6081.8              7327                5458                
620                 0.00014197          6315.9              7625                5512                
630                 0.00014314          6330.5              7307                5602                
640                 0.00014476          6399.4              7594                5730                
650                 0.00014785          6555.4              8234                5879                
660                 0.00015782          6707.0              8634                5810                
670                 0.00015846          6848.4              8016                6025                
680                 0.00015508          6887.8              8032                5997                
690                 0.00015980          7070.8              8183                6455                
700                 0.00016102          7267.2              8392                6431                
710                 0.00016243          7285.9              8769                6448                
720                 0.00018558          7481.0              9102                6464                
730                 0.00016942          7556.9              8676                6788                
740                 0.00017290          7722.6              9603                6796                
750                 0.00017398          7757.9              9452                6875                
760                 0.00017780          7978.7              10116               7110                
770                 0.00018827          8003.3              9898                7135                
780                 0.00018516          8216.8              9977                7194                
790                 0.00018483          8225.9              9899                7379                
800                 0.00018868          8471.7              10985               7487                
810                 0.00019104          8506.5              10239               7655                
820                 0.00020874          8671.2              10460               7769                
830                 0.00019558          8766.4              10565               7901                
840                 0.00019865          8941.7              10423               7816                
850                 0.00020347          9072.5              10826               8026                
860                 0.00020432          9246.0              10948               8185                
870                 0.00022189          9352.8              11363               8220                
880                 0.00020852          9361.6              11336               8512                
890                 0.00021185          9524.2              11931               8397                
900                 0.00021449          9661.6              11286               8629                
910                 0.00023390          9782.3              11924               8798                
920                 0.00022156          9889.1              11747               9062                
930                 0.00022414          10107.3             12669               9076                
940                 0.00022622          10219.9             12726               9258                
