1000                0.00000034          20.1                1000                1                   
1050                0.00000035          21.5                1050                1                   
1100                0.00000035          21.0                1100                1                   
1150                0.00000036          22.8                1149                1                   
1200                0.00000036          23.0                1200                1                   
1250                0.00000036          24.6                1250                1                   
1300                0.00000036          22.5                1300                1                   
1350                0.00000037          25.2                1350                1                   
1400                0.00000037          26.7                1399                1                   
1450                0.00000037          25.4                1450                1                   
1500                0.00000038          28.1                1500                1                   
1550                0.00000038          28.7                1550                1                   
1600                0.00000038          28.3                1600                1                   
1650                0.00000038          28.1                1650                1                   
1700                0.00000040          33.9                1700                1                   
1750                0.00000040          32.9                1750                1                   
1800                0.00000039          31.3                1800                1                   
1850                0.00000041          35.6                1850                1                   
1900                0.00000041          35.7                1900                1                   
1950                0.00000042          36.7                1950                1                   
2000                0.00000041          36.1                1999                1                   
2050                0.00000041          34.5                2050                1                   
2100                0.00000043          39.7                2100                1                   
2150                0.00000042          38.8                2150                1                   
2200                0.00000042          38.2                2200                1                   
2250                0.00000044          42.6                2250                1                   
2300                0.00000044          43.2                2300                1                   
2350                0.00000045          43.8                2350                1                   
2400                0.00000045          44.3                2400                1                   
2450                0.00000044          42.8                2450                1                   
2500                0.00000045          43.9                2500                1                   
2550                0.00000045          45.1                2550                1                   
2600                0.00000044          43.6                2599                1                   
2650                0.00000044          43.4                2650                1                   
2700                0.00000046          46.4                2699                1                   
2750                0.00000045          45.3                2748                1                   
2800                0.00000049          55.5                2798                1                   
2850                0.00000047          48.8                2848                1                   
2900                0.00000049          54.8                2900                1                   
2950                0.00000048          50.9                2950                1                   
3000                0.00000049          54.6                3000                1                   
3050                0.00000050          55.7                3050                1                   
3100                0.00000049          53.9                3100                1                   
3150                0.00000050          55.1                3150                1                   
3200                0.00000050          56.0                3200                1                   
3250                0.00000052          58.9                3250                1                   
3300                0.00000049          55.4                3299                1                   
3350                0.00000053          62.7                3350                1                   
3400                0.00000051          59.0                3399                1                   
3450                0.00000055          67.5                3449                1                   
3500                0.00000053          65.1                3500                1                   
3550                0.00000053          64.9                3549                1                   
3600                0.00000055          68.7                3599                1                   
3650                0.00000053          63.9                3649                1                   
3700                0.00000053          63.6                3700                1                   
3750                0.00000056          71.3                3750                1                   
3800                0.00000058          75.1                3799                1                   
3850                0.00000054          67.2                3850                1                   
3900                0.00000056          70.5                3900                1                   
3950                0.00000056          70.0                3947                1                   
4000                0.00000056          70.5                4000                1                   
4050                0.00000058          75.5                4050                1                   
4100                0.00000055          70.0                4100                1                   
4150                0.00000058          74.9                4149                1                   
4200                0.00000060          80.4                4194                1                   
4250                0.00000057          74.6                4250                1                   
4300                0.00000056          69.7                4295                1                   
4350                0.00000058          75.2                4350                1                   
4400                0.00000058          76.6                4399                1                   
4450                0.00000060          79.8                4449                1                   
4500                0.00000059          77.4                4500                1                   
4550                0.00000058          75.5                4550                1                   
4600                0.00000061          81.9                4600                1                   
4650                0.00000063          88.8                4650                1                   
4700                0.00000061          83.4                4698                1                   
4750                0.00000060          80.0                4750                1                   
4800                0.00000062          85.5                4800                1                   
4850                0.00000060          81.4                4847                1                   
4900                0.00000061          83.9                4900                1                   
4950                0.00000060          81.0                4949                1                   
5000                0.00000057          74.4                4999                1                   
5050                0.00000062          85.9                5050                1                   
5100                0.00000063          87.4                5100                1                   
5150                0.00000064          88.7                5145                1                   
5200                0.00000060          80.8                5196                1                   
5250                0.00000065          92.4                5249                1                   
5300                0.00000066          94.6                5300                1                   
5350                0.00000062          84.8                5350                1                   
5400                0.00000066          94.5                5397                1                   
5450                0.00000068          100.3               5450                1                   
5500                0.00000061          83.7                5498                1                   
5550                0.00000064          89.5                5548                1                   
5600                0.00000067          96.5                5598                1                   
5650                0.00000065          91.2                5650                1                   
5700                0.00000067          96.0                5699                1                   
5750                0.00000071          105.9               5748                1                   
5800                0.00000068          100.0               5799                1                   
5850                0.00000074          114.8               5849                1                   
5900                0.00000072          108.3               5900                1                   
5950                0.00000068          98.5                5949                1                   
6000                0.00000068          99.0                5997                1                   
6050                0.00000072          109.7               6048                1                   
6100                0.00000072          109.0               6098                1                   
6150                0.00000067          97.3                6149                1                   
6200                0.00000069          102.3               6199                1                   
6250                0.00000072          109.1               6250                1                   
6300                0.00000073          111.1               6300                1                   
6350                0.00000071          107.2               6349                1                   
6400                0.00000077          120.6               6399                1                   
6450                0.00000070          104.2               6448                1                   
6500                0.00000069          101.4               6500                1                   
6550                0.00000076          112.1               6547                1                   
6600                0.00000070          103.3               6600                1                   
6650                0.00000078          123.5               6650                1                   
6700                0.00000072          106.7               6700                1                   
6750                0.00000071          106.9               6750                1                   
6800                0.00000075          115.1               6800                1                   
6850                0.00000079          126.0               6850                1                   
6900                0.00000076          116.8               6900                1                   
6950                0.00000075          116.3               6948                1                   
7000                0.00000085          138.3               6999                1                   
7050                0.00000078          121.6               7048                1                   
7100                0.00000074          112.8               7100                1                   
7150                0.00000074          107.1               7149                1                   
7200                0.00000079          124.6               7200                1                   
7250                0.00000079          124.2               7249                1                   
7300                0.00000075          115.7               7300                1                   
7350                0.00000075          115.9               7350                1                   
7400                0.00000081          129.2               7400                1                   
7450                0.00000080          125.5               7449                1                   
7500                0.00000081          127.0               7497                1                   
7550                0.00000075          114.7               7550                1                   
7600                0.00000083          133.0               7600                1                   
7650                0.00000077          120.9               7648                1                   
7700                0.00000085          136.3               7700                1                   
7750                0.00000081          128.2               7750                1                   
7800                0.00000080          125.4               7800                1                   
7850                0.00000079          122.7               7850                1                   
7900                0.00000085          130.2               7900                1                   
7950                0.00000086          141.4               7950                1                   
8000                0.00000083          132.9               8000                1                   
8050                0.00000086          141.3               8050                1                   
8100                0.00000079          125.1               8098                1                   
8150                0.00000088          145.6               8150                1                   
8200                0.00000083          133.8               8200                1                   
8250                0.00000091          153.0               8249                1                   
8300                0.00000086          141.5               8297                1                   
8350                0.00000082          132.0               8347                1                   
8400                0.00000088          147.0               8400                1                   
8450                0.00000089          147.7               8448                1                   
8500                0.00000090          150.1               8500                1                   
8550                0.00000091          151.5               8550                1                   
8600                0.00000086          141.6               8600                1                   
8650                0.00000092          156.7               8650                1                   
8700                0.00000087          144.0               8698                1                   
8750                0.00000087          145.3               8747                1                   
8800                0.00000092          154.4               8800                1                   
8850                0.00000089          146.5               8850                1                   
8900                0.00000095          161.4               8897                1                   
8950                0.00000098          167.3               8950                1                   
9000                0.00000091          153.2               9000                1                   
9050                0.00000087          139.9               9049                1                   
9100                0.00000091          152.0               9100                1                   
9150                0.00000093          156.2               9145                1                   
9200                0.00000095          163.4               9196                1                   
9250                0.00000088          146.4               9249                1                   
9300                0.00000095          162.3               9299                1                   
9350                0.00000104          183.6               9349                1                   
9400                0.00000094          160.0               9400                1                   
9450                0.00000088          146.7               9449                1                   
9500                0.00000094          158.3               9500                1                   
9550                0.00000093          148.1               9549                1                   
9600                0.00000103          178.3               9599                1                   
9650                0.00000095          161.5               9649                1                   
9700                0.00000099          164.4               9700                1                   
9750                0.00000092          155.2               9750                1                   
9800                0.00000098          168.3               9800                1                   
9850                0.00000098          168.9               9848                1                   
9900                0.00000096          165.7               9899                1                   
9950                0.00000105          184.4               9950                1                   
10000               0.00000091          153.1               10000               1                   
