1000                0.00000168          176.3               988                 1                   
1050                0.00000072          101.5               1048                1                   
1100                0.00000083          132.2               1097                1                   
1150                0.00000128          238.9               1149                1                   
1200                0.00000090          152.3               1197                1                   
1250                0.00000116          212.1               1250                1                   
1300                0.00000074          114.1               1296                1                   
1350                0.00000171          282.6               1326                1                   
1400                0.00000149          213.8               1398                1                   
1450                0.00000198          304.9               1447                1                   
1500                0.00000159          238.8               1500                1                   
1550                0.00000122          211.4               1539                1                   
1600                0.00000139          266.1               1589                1                   
1650                0.00000111          199.3               1640                1                   
1700                0.00000166          329.3               1686                1                   
1750                0.00000145          258.0               1738                1                   
1800                0.00000112          205.6               1799                1                   
1850                0.00000135          257.8               1836                1                   
1900                0.00000164          326.2               1898                1                   
1950                0.00000156          295.3               1943                1                   
2000                0.00000174          351.9               1974                1                   
2050                0.00000123          228.6               2037                1                   
2100                0.00000152          288.0               2100                1                   
2150                0.00000178          352.7               2137                1                   
2200                0.00000179          363.1               2200                1                   
2250                0.00000211          413.3               2248                1                   
2300                0.00000195          401.1               2299                1                   
2350                0.00000223          449.9               2348                1                   
2400                0.00000148          287.8               2399                1                   
2450                0.00000157          310.5               2419                1                   
2500                0.00000204          398.1               2492                1                   
2550                0.00000183          372.1               2537                1                   
2600                0.00000231          479.2               2596                1                   
2650                0.00000226          474.2               2638                1                   
2700                0.00000237          490.8               2697                1                   
2750                0.00000166          331.4               2748                1                   
2800                0.00000209          416.0               2778                1                   
2850                0.00000204          422.3               2845                1                   
2900                0.00000183          353.6               2897                1                   
2950                0.00000191          390.8               2937                1                   
3000                0.00000305          649.6               2998                1                   
3050                0.00000229          480.4               3043                1                   
3100                0.00000175          345.1               3088                1                   
3150                0.00000246          519.7               3143                1                   
3200                0.00000180          355.7               3194                1                   
3250                0.00000181          365.4               3233                1                   
3300                0.00000202          408.8               3287                1                   
3350                0.00000309          659.7               3350                1                   
3400                0.00000196          403.6               3400                1                   
3450                0.00000254          526.4               3446                1                   
3500                0.00000209          435.3               3488                1                   
3550                0.00000218          444.3               3547                1                   
3600                0.00000228          476.5               3594                1                   
3650                0.00000258          541.7               3601                1                   
3700                0.00000215          448.0               3678                1                   
3750                0.00000279          587.1               3747                1                   
3800                0.00000276          575.4               3783                1                   
3850                0.00000225          472.5               3823                1                   
3900                0.00000331          705.5               3886                1                   
3950                0.00000363          783.9               3948                1                   
4000                0.00000352          763.6               3988                1                   
4050                0.00000249          519.9               4050                1                   
4100                0.00000307          655.5               4099                1                   
4150                0.00000306          646.5               4148                1                   
4200                0.00000265          555.3               4185                1                   
4250                0.00000271          568.6               4248                1                   
4300                0.00000354          767.0               4283                1                   
4350                0.00000330          706.9               4345                1                   
4400                0.00000234          481.6               4399                1                   
4450                0.00000387          838.5               4436                1                   
4500                0.00000294          621.7               4489                1                   
4550                0.00000330          711.9               4542                1                   
4600                0.00000272          574.3               4587                1                   
4650                0.00000279          591.7               4648                1                   
4700                0.00000326          696.7               4684                1                   
4750                0.00000410          896.2               4743                1                   
4800                0.00000310          661.3               4797                1                   
4850                0.00000367          795.6               4844                1                   
4900                0.00000464          1023.6              4855                1                   
4950                0.00000366          797.7               4934                1                   
5000                0.00000402          880.0               5000                1                   
5050                0.00000452          995.8               5047                1                   
5100                0.00000425          928.7               5100                1                   
5150                0.00000350          758.5               5143                1                   
5200                0.00000371          802.5               5198                1                   
5250                0.00000300          635.8               5231                1                   
5300                0.00000250          519.0               5296                1                   
5350                0.00000358          773.7               5347                1                   
5400                0.00000460          1016.6              5395                1                   
5450                0.00000405          886.8               5437                1                   
5500                0.00000374          817.0               5500                1                   
5550                0.00000271          569.5               5547                1                   
5600                0.00000377          808.5               5597                1                   
5650                0.00000332          714.9               5617                1                   
5700                0.00000497          1105.8              5700                1                   
5750                0.00000420          926.8               5736                1                   
5800                0.00000307          658.4               5793                1                   
5850                0.00000262          547.5               5843                1                   
5900                0.00000468          1034.5              5900                1                   
5950                0.00000384          836.4               5919                1                   
6000                0.00000373          810.6               5993                1                   
6050                0.00000347          750.5               6049                1                   
6100                0.00000441          971.9               6095                1                   
6150                0.00000593          1332.2              6143                1                   
6200                0.00000414          906.0               6173                1                   
6250                0.00000370          803.0               6243                1                   
6300                0.00000389          851.2               6285                1                   
6350                0.00000462          1024.6              6319                1                   
6400                0.00000425          931.0               6395                1                   
6450                0.00000208          422.5               6433                1                   
6500                0.00000479          1059.6              6495                1                   
6550                0.00000513          1140.2              6526                1                   
6600                0.00000359          782.7               6587                1                   
6650                0.00000538          1198.8              6624                1                   
6700                0.00000538          1198.5              6698                1                   
6750                0.00000480          1065.8              6750                1                   
6800                0.00000391          857.6               6797                1                   
6850                0.00000320          690.9               6834                1                   
6900                0.00000420          918.8               6876                1                   
6950                0.00000385          842.7               6949                1                   
7000                0.00000479          1063.5              6993                1                   
7050                0.00000504          1122.2              6975                1                   
7100                0.00000302          643.9               7078                1                   
7150                0.00000514          1144.7              7147                1                   
7200                0.00000592          1330.8              7197                1                   
7250                0.00000645          1454.4              7224                1                   
7300                0.00000525          1175.3              7295                1                   
7350                0.00000423          934.0               7339                1                   
7400                0.00000357          778.4               7387                1                   
7450                0.00000406          893.3               7448                1                   
7500                0.00000667          1509.6              7495                1                   
7550                0.00000557          1248.2              7538                1                   
7600                0.00000641          1450.2              7575                1                   
7650                0.00000718          1627.9              7624                1                   
7700                0.00000515          1145.8              7670                1                   
7750                0.00000444          981.6               7742                1                   
7800                0.00000636          1436.2              7788                1                   
7850                0.00000610          1368.1              7779                1                   
7900                0.00000647          1458.4              7891                1                   
7950                0.00000358          776.6               7944                1                   
8000                0.00000378          823.7               8000                1                   
8050                0.00000540          1210.7              8040                1                   
8100                0.00000752          1710.2              8065                1                   
8150                0.00000355          773.3               8139                1                   
8200                0.00000495          1103.6              8171                1                   
8250                0.00000497          1106.0              8230                1                   
8300                0.00000747          1694.9              8295                1                   
8350                0.00000558          1250.6              8320                1                   
8400                0.00000633          1429.9              8397                1                   
8450                0.00000474          1052.4              8429                1                   
8500                0.00000505          1125.3              8492                1                   
8550                0.00000956          2178.1              8546                1                   
8600                0.00000244          508.1               8589                1                   
8650                0.00000616          1388.9              8638                1                   
8700                0.00000722          1636.5              8694                1                   
8750                0.00000529          1183.0              8733                1                   
8800                0.00000765          1737.7              8799                1                   
8850                0.00000623          1404.1              8834                1                   
8900                0.00000705          1600.4              8891                1                   
8950                0.00000602          1355.1              8946                1                   
9000                0.00000523          1167.6              8884                1                   
9050                0.00000761          1729.4              9023                1                   
9100                0.00000727          1650.6              9072                1                   
9150                0.00000572          1282.0              9142                1                   
9200                0.00000755          1705.4              9189                1                   
9250                0.00000747          1671.3              9189                1                   
9300                0.00000699          1579.2              9296                1                   
9350                0.00000839          1908.8              9345                1                   
9400                0.00000768          1742.8              9395                1                   
9450                0.00000494          1098.4              9395                1                   
9500                0.00000634          1430.4              9498                1                   
9550                0.00000669          1513.8              9518                1                   
9600                0.00000726          1648.3              9595                1                   
9650                0.00000800          1820.5              9638                1                   
9700                0.00000829          1890.0              9666                1                   
9750                0.00000493          1095.4              9718                1                   
9800                0.00000767          1742.8              9774                1                   
9850                0.00000444          978.9               9805                1                   
9900                0.00000974          2229.7              9900                1                   
9950                0.00000801          1824.4              9946                1                   
10000               0.00000482          1071.3              9998                1                   
