1000                0.00000050          48.4                1000                1                   
1050                0.00000052          54.6                1050                1                   
1100                0.00000053          62.4                1098                1                   
1150                0.00000049          53.9                1148                1                   
1200                0.00000054          62.7                1199                1                   
1250                0.00000054          66.3                1250                1                   
1300                0.00000054          65.4                1300                1                   
1350                0.00000059          76.3                1349                1                   
1400                0.00000059          78.4                1397                1                   
1450                0.00000063          86.6                1447                1                   
1500                0.00000061          80.0                1499                1                   
1550                0.00000062          84.8                1542                1                   
1600                0.00000068          98.5                1599                1                   
1650                0.00000072          108.6               1649                1                   
1700                0.00000067          95.7                1700                1                   
1750                0.00000064          87.9                1750                1                   
1800                0.00000065          90.7                1796                1                   
1850                0.00000066          93.8                1850                1                   
1900                0.00000064          88.7                1900                1                   
1950                0.00000073          109.7               1950                1                   
2000                0.00000073          109.9               1995                1                   
2050                0.00000070          103.4               2050                1                   
2100                0.00000079          123.6               2100                1                   
2150                0.00000071          104.5               2149                1                   
2200                0.00000072          108.8               2199                1                   
2250                0.00000074          111.9               2248                1                   
2300                0.00000082          131.6               2299                1                   
2350                0.00000076          117.5               2350                1                   
2400                0.00000086          141.1               2394                1                   
2450                0.00000083          133.1               2450                1                   
2500                0.00000086          139.2               2499                1                   
2550                0.00000087          141.9               2548                1                   
2600                0.00000078          120.3               2599                1                   
2650                0.00000089          147.9               2649                1                   
2700                0.00000080          126.9               2700                1                   
2750                0.00000086          140.2               2747                1                   
2800                0.00000092          154.9               2799                1                   
2850                0.00000093          157.6               2845                1                   
2900                0.00000092          155.4               2898                1                   
2950                0.00000089          148.9               2945                1                   
3000                0.00000082          131.4               2999                1                   
3050                0.00000116          211.2               3050                1                   
3100                0.00000098          169.1               3100                1                   
3150                0.00000085          137.5               3148                1                   
3200                0.00000084          136.4               3200                1                   
3250                0.00000099          172.1               3248                1                   
3300                0.00000100          173.7               3298                1                   
3350                0.00000103          182.1               3346                1                   
3400                0.00000092          155.4               3400                1                   
3450                0.00000104          183.9               3450                1                   
3500                0.00000121          222.8               3500                1                   
3550                0.00000103          181.7               3545                1                   
3600                0.00000113          205.6               3597                1                   
3650                0.00000107          190.1               3650                1                   
3700                0.00000106          187.5               3700                1                   
3750                0.00000089          148.2               3750                1                   
3800                0.00000095          161.4               3796                1                   
3850                0.00000127          238.2               3850                1                   
3900                0.00000117          214.4               3889                1                   
3950                0.00000124          230.0               3944                1                   
4000                0.00000114          205.7               3996                1                   
4050                0.00000112          202.2               4046                1                   
4100                0.00000114          207.7               4098                1                   
4150                0.00000117          213.2               4150                1                   
4200                0.00000140          267.0               4198                1                   
4250                0.00000116          210.4               4250                1                   
4300                0.00000127          236.0               4290                1                   
4350                0.00000150          291.0               4349                1                   
4400                0.00000113          205.6               4399                1                   
4450                0.00000103          181.3               4448                1                   
4500                0.00000118          216.4               4496                1                   
4550                0.00000150          290.8               4548                1                   
4600                0.00000110          196.2               4595                1                   
4650                0.00000125          233.9               4647                1                   
4700                0.00000135          257.5               4698                1                   
4750                0.00000125          232.0               4748                1                   
4800                0.00000132          250.0               4799                1                   
4850                0.00000128          240.0               4846                1                   
4900                0.00000105          185.2               4887                1                   
4950                0.00000153          298.6               4949                1                   
5000                0.00000134          253.7               4998                1                   
5050                0.00000144          278.3               5050                1                   
5100                0.00000131          247.7               5100                1                   
5150                0.00000134          254.3               5150                1                   
5200                0.00000167          332.4               5199                1                   
5250                0.00000121          224.8               5247                1                   
5300                0.00000145          280.5               5297                1                   
5350                0.00000157          309.6               5347                1                   
5400                0.00000143          273.9               5398                1                   
5450                0.00000154          302.0               5450                1                   
5500                0.00000153          298.5               5497                1                   
5550                0.00000140          268.3               5550                1                   
5600                0.00000153          299.9               5598                1                   
5650                0.00000126          236.0               5646                1                   
5700                0.00000134          251.6               5699                1                   
5750                0.00000133          250.2               5748                1                   
5800                0.00000173          346.9               5796                1                   
5850                0.00000154          300.6               5847                1                   
5900                0.00000146          283.2               5899                1                   
5950                0.00000157          308.5               5949                1                   
6000                0.00000143          274.2               5998                1                   
6050                0.00000176          352.6               6045                1                   
6100                0.00000164          324.5               6097                1                   
6150                0.00000142          272.9               6146                1                   
6200                0.00000153          300.2               6199                1                   
6250                0.00000143          276.2               6250                1                   
6300                0.00000194          397.3               6297                1                   
6350                0.00000208          430.5               6347                1                   
6400                0.00000176          352.3               6396                1                   
6450                0.00000155          299.3               6426                1                   
6500                0.00000139          266.3               6492                1                   
6550                0.00000191          387.7               6549                1                   
6600                0.00000177          355.9               6600                1                   
6650                0.00000169          336.3               6642                1                   
6700                0.00000164          324.4               6698                1                   
6750                0.00000163          322.4               6744                1                   
6800                0.00000182          364.7               6796                1                   
6850                0.00000189          382.9               6847                1                   
6900                0.00000143          274.6               6899                1                   
6950                0.00000155          304.2               6950                1                   
7000                0.00000218          453.0               6998                1                   
7050                0.00000169          337.5               7047                1                   
7100                0.00000154          302.3               7094                1                   
7150                0.00000200          409.3               7150                1                   
7200                0.00000128          239.3               7199                1                   
7250                0.00000186          376.4               7243                1                   
7300                0.00000210          433.2               7295                1                   
7350                0.00000162          320.4               7337                1                   
7400                0.00000184          372.2               7399                1                   
7450                0.00000212          439.3               7450                1                   
7500                0.00000176          354.4               7500                1                   
7550                0.00000179          361.8               7543                1                   
7600                0.00000208          428.8               7599                1                   
7650                0.00000199          407.5               7649                1                   
7700                0.00000204          419.3               7680                1                   
7750                0.00000210          434.1               7750                1                   
7800                0.00000172          343.8               7787                1                   
7850                0.00000186          378.1               7850                1                   
7900                0.00000219          448.1               7895                1                   
7950                0.00000206          423.7               7948                1                   
8000                0.00000203          417.3               8000                1                   
8050                0.00000223          465.2               8050                1                   
8100                0.00000208          428.4               8090                1                   
8150                0.00000187          380.4               8138                1                   
8200                0.00000212          438.9               8200                1                   
8250                0.00000196          399.4               8250                1                   
8300                0.00000205          422.4               8296                1                   
8350                0.00000218          451.4               8344                1                   
8400                0.00000243          512.3               8393                1                   
8450                0.00000229          477.3               8449                1                   
8500                0.00000240          500.9               8497                1                   
8550                0.00000232          470.2               8544                1                   
8600                0.00000222          455.1               8600                1                   
8650                0.00000163          320.4               8649                1                   
8700                0.00000260          545.6               8700                1                   
8750                0.00000218          450.1               8747                1                   
8800                0.00000221          455.2               8799                1                   
8850                0.00000233          482.0               8844                1                   
8900                0.00000226          465.9               8889                1                   
8950                0.00000226          464.0               8943                1                   
9000                0.00000214          438.2               8999                1                   
9050                0.00000253          525.8               9048                1                   
9100                0.00000239          499.1               9098                1                   
9150                0.00000220          455.8               9148                1                   
9200                0.00000228          472.2               9188                1                   
9250                0.00000270          568.9               9230                1                   
9300                0.00000243          508.7               9293                1                   
9350                0.00000285          610.4               9343                1                   
9400                0.00000233          485.4               9396                1                   
9450                0.00000267          565.5               9443                1                   
9500                0.00000244          507.8               9499                1                   
9550                0.00000203          410.1               9549                1                   
9600                0.00000260          544.6               9591                1                   
9650                0.00000247          518.3               9648                1                   
9700                0.00000233          486.0               9696                1                   
9750                0.00000200          407.9               9745                1                   
9800                0.00000228          476.1               9798                1                   
9850                0.00000259          547.5               9841                1                   
9900                0.00000284          604.4               9891                1                   
9950                0.00000243          508.2               9949                1                   
10000               0.00000210          432.0               9982                1                   
