1000                0.00000576          500.5               1000                1                   
1050                0.00000316          525.5               1050                1                   
1100                0.00000271          550.5               1100                1                   
1150                0.00000275          575.5               1150                1                   
1200                0.00000281          600.5               1200                1                   
1250                0.00000295          625.5               1250                1                   
1300                0.00000323          650.5               1300                1                   
1350                0.00000310          675.5               1350                1                   
1400                0.00000324          700.5               1400                1                   
1450                0.00000336          725.5               1450                1                   
1500                0.00000346          750.5               1500                1                   
1550                0.00000367          775.5               1550                1                   
1600                0.00000366          800.5               1600                1                   
1650                0.00000382          825.5               1650                1                   
1700                0.00000385          850.5               1700                1                   
1750                0.00000396          875.5               1750                1                   
1800                0.00000407          900.5               1800                1                   
1850                0.00000417          925.5               1850                1                   
1900                0.00000481          950.5               1900                1                   
1950                0.00000459          975.5               1950                1                   
2000                0.00000462          1000.5              2000                1                   
2050                0.00000460          1025.5              2050                1                   
2100                0.00000471          1050.5              2100                1                   
2150                0.00000483          1075.5              2150                1                   
2200                0.00000498          1100.5              2200                1                   
2250                0.00000505          1125.5              2250                1                   
2300                0.00000514          1150.5              2300                1                   
2350                0.00000525          1175.5              2350                1                   
2400                0.00000547          1200.5              2400                1                   
2450                0.00000561          1225.5              2450                1                   
2500                0.00000555          1250.5              2500                1                   
2550                0.00000565          1275.5              2550                1                   
2600                0.00000580          1300.5              2600                1                   
2650                0.00000587          1325.5              2650                1                   
2700                0.00000601          1350.5              2700                1                   
2750                0.00000633          1375.5              2750                1                   
2800                0.00000619          1400.5              2800                1                   
2850                0.00000634          1425.5              2850                1                   
2900                0.00000641          1450.5              2900                1                   
2950                0.00000649          1475.5              2950                1                   
3000                0.00000666          1500.5              3000                1                   
3050                0.00000693          1525.5              3050                1                   
3100                0.00000686          1550.5              3100                1                   
3150                0.00000693          1575.5              3150                1                   
3200                0.00000703          1600.5              3200                1                   
3250                0.00000714          1625.5              3250                1                   
3300                0.00000757          1650.5              3300                1                   
3350                0.00000738          1675.5              3350                1                   
3400                0.00000745          1700.5              3400                1                   
3450                0.00000757          1725.5              3450                1                   
3500                0.00000793          1750.5              3500                1                   
3550                0.00000778          1775.5              3550                1                   
3600                0.00000788          1800.5              3600                1                   
3650                0.00000805          1825.5              3650                1                   
3700                0.00000836          1850.5              3700                1                   
3750                0.00000820          1875.5              3750                1                   
3800                0.00000830          1900.5              3800                1                   
3850                0.00000858          1925.5              3850                1                   
3900                0.00000889          1950.5              3900                1                   
3950                0.00000863          1975.5              3950                1                   
4000                0.00000878          2000.5              4000                1                   
4050                0.00000907          2025.5              4050                1                   
4100                0.00000897          2050.5              4100                1                   
4150                0.00000906          2075.5              4150                1                   
4200                0.00000971          2100.5              4200                1                   
4250                0.00000930          2125.5              4250                1                   
4300                0.00000936          2150.5              4300                1                   
4350                0.00000995          2175.5              4350                1                   
4400                0.00000955          2200.5              4400                1                   
4450                0.00000970          2225.5              4450                1                   
4500                0.00001012          2250.5              4500                1                   
4550                0.00000989          2275.5              4550                1                   
4600                0.00001010          2300.5              4600                1                   
4650                0.00001026          2325.5              4650                1                   
4700                0.00001025          2350.5              4700                1                   
4750                0.00001044          2375.5              4750                1                   
4800                0.00001063          2400.5              4800                1                   
4850                0.00001059          2425.5              4850                1                   
4900                0.00001091          2450.5              4900                1                   
4950                0.00001079          2475.5              4950                1                   
5000                0.00001106          2500.5              5000                1                   
5050                0.00001103          2525.5              5050                1                   
5100                0.00001124          2550.5              5100                1                   
5150                0.00001118          2575.5              5150                1                   
5200                0.00001128          2600.5              5200                1                   
5250                0.00001140          2625.5              5250                1                   
5300                0.00001149          2650.5              5300                1                   
5350                0.00001162          2675.5              5350                1                   
5400                0.00001176          2700.5              5400                1                   
5450                0.00001179          2725.5              5450                1                   
5500                0.00001197          2750.5              5500                1                   
5550                0.00001202          2775.5              5550                1                   
5600                0.00001212          2800.5              5600                1                   
5650                0.00001224          2825.5              5650                1                   
5700                0.00001240          2850.5              5700                1                   
5750                0.00001245          2875.5              5750                1                   
5800                0.00001289          2900.5              5800                1                   
5850                0.00001266          2925.5              5850                1                   
5900                0.00001308          2950.5              5900                1                   
5950                0.00001287          2975.5              5950                1                   
6000                0.00001331          3000.5              6000                1                   
6050                0.00001307          3025.5              6050                1                   
6100                0.00001352          3050.5              6100                1                   
6150                0.00001329          3075.5              6150                1                   
6200                0.00001372          3100.5              6200                1                   
6250                0.00001351          3125.5              6250                1                   
6300                0.00001394          3150.5              6300                1                   
6350                0.00001372          3175.5              6350                1                   
6400                0.00001412          3200.5              6400                1                   
6450                0.00001393          3225.5              6450                1                   
6500                0.00001442          3250.5              6500                1                   
6550                0.00001413          3275.5              6550                1                   
6600                0.00001457          3300.5              6600                1                   
6650                0.00001435          3325.5              6650                1                   
6700                0.00001478          3350.5              6700                1                   
6750                0.00001460          3375.5              6750                1                   
6800                0.00001560          3400.5              6800                1                   
6850                0.00001495          3425.5              6850                1                   
6900                0.00001503          3450.5              6900                1                   
6950                0.00001517          3475.5              6950                1                   
7000                0.00001537          3500.5              7000                1                   
7050                0.00001546          3525.5              7050                1                   
7100                0.00001547          3550.5              7100                1                   
7150                0.00001572          3575.5              7150                1                   
7200                0.00001933          3600.5              7200                1                   
7250                0.00002061          3625.5              7250                1                   
7300                0.00001596          3650.5              7300                1                   
7350                0.00001619          3675.5              7350                1                   
7400                0.00001609          3700.5              7400                1                   
7450                0.00001625          3725.5              7450                1                   
7500                0.00001632          3750.5              7500                1                   
7550                0.00001642          3775.5              7550                1                   
7600                0.00001657          3800.5              7600                1                   
7650                0.00001656          3825.5              7650                1                   
7700                0.00001658          3850.5              7700                1                   
7750                0.00001669          3875.5              7750                1                   
7800                0.00001681          3900.5              7800                1                   
7850                0.00001690          3925.5              7850                1                   
7900                0.00001702          3950.5              7900                1                   
7950                0.00001711          3975.5              7950                1                   
8000                0.00001723          4000.5              8000                1                   
8050                0.00001734          4025.5              8050                1                   
8100                0.00001744          4050.5              8100                1                   
8150                0.00001786          4075.5              8150                1                   
8200                0.00001797          4100.5              8200                1                   
8250                0.00001807          4125.5              8250                1                   
8300                0.00001796          4150.5              8300                1                   
8350                0.00001818          4175.5              8350                1                   
8400                0.00001833          4200.5              8400                1                   
8450                0.00001841          4225.5              8450                1                   
8500                0.00001852          4250.5              8500                1                   
8550                0.00001866          4275.5              8550                1                   
8600                0.00001877          4300.5              8600                1                   
8650                0.00001873          4325.5              8650                1                   
8700                0.00001883          4350.5              8700                1                   
8750                0.00001898          4375.5              8750                1                   
8800                0.00001905          4400.5              8800                1                   
8850                0.00001916          4425.5              8850                1                   
8900                0.00001935          4450.5              8900                1                   
8950                0.00001953          4475.5              8950                1                   
9000                0.00001946          4500.5              9000                1                   
9050                0.00001960          4525.5              9050                1                   
9100                0.00001966          4550.5              9100                1                   
9150                0.00001983          4575.5              9150                1                   
9200                0.00001995          4600.5              9200                1                   
9250                0.00002001          4625.5              9250                1                   
9300                0.00002027          4650.5              9300                1                   
9350                0.00002038          4675.5              9350                1                   
9400                0.00002046          4700.5              9400                1                   
9450                0.00002057          4725.5              9450                1                   
9500                0.00002066          4750.5              9500                1                   
9550                0.00002074          4775.5              9550                1                   
9600                0.00002084          4800.5              9600                1                   
9650                0.00002093          4825.5              9650                1                   
9700                0.00002111          4850.5              9700                1                   
9750                0.00002107          4875.5              9750                1                   
9800                0.00002116          4900.5              9800                1                   
9850                0.00002127          4925.5              9850                1                   
9900                0.00002144          4950.5              9900                1                   
9950                0.00002191          4975.5              9950                1                   
10000               0.00002162          5000.5              10000               1                   
