1000                0.00000060          60.3                994                 1                   
1050                0.00000050          56.5                1049                1                   
1100                0.00000066          68.6                1096                1                   
1150                0.00000062          57.2                1147                1                   
1200                0.00000049          56.3                1196                1                   
1250                0.00000053          61.9                1250                1                   
1300                0.00000046          49.4                1300                1                   
1350                0.00000056          69.7                1348                1                   
1400                0.00000060          79.8                1400                1                   
1450                0.00000061          83.0                1450                1                   
1500                0.00000060          80.5                1500                1                   
1550                0.00000067          95.8                1549                1                   
1600                0.00000065          91.6                1598                1                   
1650                0.00000064          89.7                1649                1                   
1700                0.00000055          67.1                1700                1                   
1750                0.00000064          88.5                1750                1                   
1800                0.00000071          105.4               1800                1                   
1850                0.00000070          102.9               1849                1                   
1900                0.00000065          92.6                1895                1                   
1950                0.00000069          101.8               1946                1                   
2000                0.00000074          111.6               2000                1                   
2050                0.00000068          98.8                2047                1                   
2100                0.00000065          92.3                2100                1                   
2150                0.00000062          86.3                2147                1                   
2200                0.00000068          98.0                2200                1                   
2250                0.00000083          135.3               2247                1                   
2300                0.00000071          107.3               2297                1                   
2350                0.00000081          128.7               2350                1                   
2400                0.00000082          130.5               2400                1                   
2450                0.00000086          140.9               2450                1                   
2500                0.00000073          111.6               2495                1                   
2550                0.00000092          155.2               2548                1                   
2600                0.00000073          109.7               2597                1                   
2650                0.00000079          124.6               2648                1                   
2700                0.00000088          145.7               2700                1                   
2750                0.00000086          141.7               2750                1                   
2800                0.00000084          138.0               2797                1                   
2850                0.00000091          154.6               2849                1                   
2900                0.00000079          125.7               2897                1                   
2950                0.00000077          121.1               2949                1                   
3000                0.00000094          160.3               3000                1                   
3050                0.00000092          154.4               3049                1                   
3100                0.00000081          130.5               3095                1                   
3150                0.00000081          129.2               3149                1                   
3200                0.00000101          176.0               3198                1                   
3250                0.00000091          153.5               3248                1                   
3300                0.00000078          123.4               3298                1                   
3350                0.00000108          193.8               3349                1                   
3400                0.00000117          216.1               3395                1                   
3450                0.00000095          162.0               3444                1                   
3500                0.00000101          177.1               3490                1                   
3550                0.00000105          186.4               3541                1                   
3600                0.00000100          174.6               3600                1                   
3650                0.00000107          189.8               3650                1                   
3700                0.00000097          167.5               3693                1                   
3750                0.00000111          200.3               3748                1                   
3800                0.00000117          215.6               3800                1                   
3850                0.00000106          189.3               3849                1                   
3900                0.00000100          174.1               3899                1                   
3950                0.00000103          182.3               3950                1                   
4000                0.00000118          217.6               3996                1                   
4050                0.00000121          223.5               4048                1                   
4100                0.00000129          243.3               4096                1                   
4150                0.00000123          227.6               4150                1                   
4200                0.00000112          204.4               4198                1                   
4250                0.00000121          224.8               4250                1                   
4300                0.00000105          186.1               4295                1                   
4350                0.00000131          248.4               4349                1                   
4400                0.00000130          246.2               4398                1                   
4450                0.00000125          233.4               4448                1                   
4500                0.00000111          201.3               4492                1                   
4550                0.00000127          239.2               4541                1                   
4600                0.00000119          219.4               4594                1                   
4650                0.00000134          255.3               4649                1                   
4700                0.00000118          216.9               4699                1                   
4750                0.00000151          294.9               4737                1                   
4800                0.00000113          205.5               4799                1                   
4850                0.00000135          257.3               4848                1                   
4900                0.00000124          233.0               4900                1                   
4950                0.00000149          290.6               4938                1                   
5000                0.00000148          289.2               4997                1                   
5050                0.00000143          276.5               5049                1                   
5100                0.00000121          223.1               5098                1                   
5150                0.00000134          255.7               5149                1                   
5200                0.00000149          289.0               5197                1                   
5250                0.00000142          273.6               5242                1                   
5300                0.00000160          306.3               5300                1                   
5350                0.00000174          328.2               5344                1                   
5400                0.00000154          291.5               5400                1                   
5450                0.00000141          269.4               5446                1                   
5500                0.00000144          277.7               5495                1                   
5550                0.00000153          300.3               5547                1                   
5600                0.00000164          326.2               5598                1                   
5650                0.00000156          306.4               5643                1                   
5700                0.00000127          238.3               5698                1                   
5750                0.00000167          331.3               5749                1                   
5800                0.00000158          311.5               5798                1                   
5850                0.00000176          354.1               5850                1                   
5900                0.00000179          362.2               5897                1                   
5950                0.00000164          325.7               5949                1                   
6000                0.00000155          304.1               6000                1                   
6050                0.00000165          325.5               6045                1                   
6100                0.00000191          388.8               6098                1                   
6150                0.00000150          292.7               6149                1                   
6200                0.00000138          266.2               6199                1                   
6250                0.00000171          342.7               6249                1                   
6300                0.00000163          323.0               6298                1                   
6350                0.00000139          268.5               6350                1                   
6400                0.00000168          335.8               6399                1                   
6450                0.00000196          397.2               6448                1                   
6500                0.00000201          413.5               6484                1                   
6550                0.00000156          306.2               6548                1                   
6600                0.00000171          343.0               6595                1                   
6650                0.00000177          356.6               6648                1                   
6700                0.00000173          347.6               6700                1                   
6750                0.00000152          298.7               6749                1                   
6800                0.00000159          313.6               6795                1                   
6850                0.00000184          373.5               6840                1                   
6900                0.00000152          299.1               6896                1                   
6950                0.00000176          355.3               6947                1                   
7000                0.00000198          405.4               6997                1                   
7050                0.00000178          359.9               7048                1                   
7100                0.00000203          418.8               7098                1                   
7150                0.00000177          357.9               7145                1                   
7200                0.00000177          357.3               7189                1                   
7250                0.00000191          390.8               7240                1                   
7300                0.00000183          372.4               7299                1                   
7350                0.00000195          399.7               7345                1                   
7400                0.00000195          398.3               7400                1                   
7450                0.00000193          393.1               7441                1                   
7500                0.00000191          389.9               7499                1                   
7550                0.00000176          354.9               7537                1                   
7600                0.00000188          381.5               7588                1                   
7650                0.00000183          371.9               7645                1                   
7700                0.00000208          430.7               7699                1                   
7750                0.00000190          388.3               7740                1                   
7800                0.00000189          384.8               7796                1                   
7850                0.00000190          387.5               7842                1                   
7900                0.00000219          456.5               7895                1                   
7950                0.00000206          426.2               7947                1                   
8000                0.00000171          342.4               7991                1                   
8050                0.00000201          415.0               8047                1                   
8100                0.00000247          523.2               8097                1                   
8150                0.00000233          488.9               8147                1                   
8200                0.00000201          414.8               8198                1                   
8250                0.00000218          453.7               8245                1                   
8300                0.00000182          368.3               8299                1                   
8350                0.00000208          429.8               8346                1                   
8400                0.00000250          528.0               8392                1                   
8450                0.00000226          470.6               8433                1                   
8500                0.00000219          455.0               8497                1                   
8550                0.00000222          464.2               8549                1                   
8600                0.00000248          522.8               8599                1                   
8650                0.00000226          471.3               8646                1                   
8700                0.00000213          441.4               8699                1                   
8750                0.00000205          422.4               8748                1                   
8800                0.00000207          427.8               8792                1                   
8850                0.00000183          370.7               8843                1                   
8900                0.00000231          484.3               8888                1                   
8950                0.00000246          519.2               8941                1                   
9000                0.00000224          466.4               8999                1                   
9050                0.00000214          444.2               9039                1                   
9100                0.00000224          466.1               9099                1                   
9150                0.00000254          535.7               9142                1                   
9200                0.00000206          424.7               9200                1                   
9250                0.00000213          442.2               9250                1                   
9300                0.00000220          456.8               9297                1                   
9350                0.00000196          400.2               9350                1                   
9400                0.00000244          513.4               9397                1                   
9450                0.00000234          492.2               9450                1                   
9500                0.00000224          466.5               9500                1                   
9550                0.00000253          535.9               9547                1                   
9600                0.00000241          507.8               9597                1                   
9650                0.00000273          583.9               9649                1                   
9700                0.00000234          491.0               9693                1                   
9750                0.00000242          509.4               9742                1                   
9800                0.00000192          392.6               9774                1                   
9850                0.00000215          447.1               9839                1                   
9900                0.00000267          569.3               9896                1                   
9950                0.00000260          551.2               9950                1                   
10000               0.00000220          457.8               9999                1                   
