1000                0.00000399          327.2               991                 1                   
1050                0.00000548          500.9               1050                1                   
1100                0.00000253          199.3               1090                1                   
1150                0.00000275          521.2               1143                2                   
1200                0.00000261          541.1               1180                8                   
1250                0.00000160          307.8               1160                1                   
1300                0.00000224          463.7               1253                1                   
1350                0.00000286          603.4               1333                1                   
1400                0.00000367          755.6               1374                30                  
1450                0.00000345          742.8               1440                1                   
1500                0.00000325          704.0               1499                48                  
1550                0.00000234          481.1               1547                1                   
1600                0.00000271          563.4               1593                1                   
1650                0.00000181          355.7               1641                1                   
1700                0.00000413          911.2               1673                1                   
1750                0.00000280          589.7               1748                1                   
1800                0.00000268          566.4               1776                1                   
1850                0.00000254          535.7               1850                1                   
1900                0.00000473          1043.0              1813                9                   
1950                0.00000499          1103.9              1950                25                  
2000                0.00000229          471.2               1994                1                   
2050                0.00000234          402.8               2002                1                   
2100                0.00000591          1033.3              2053                34                  
2150                0.00000432          745.2               2149                1                   
2200                0.00000451          771.6               2091                5                   
2250                0.00000565          1133.0              2234                1                   
2300                0.00000527          1172.4              2276                10                  
2350                0.00000593          1332.6              2338                86                  
2400                0.00000708          1589.4              2367                18                  
2450                0.00000307          659.7               2446                1                   
2500                0.00000301          650.9               2498                1                   
2550                0.00000296          634.8               2515                1                   
2600                0.00000596          1336.9              2546                37                  
2650                0.00000638          1445.2              2638                15                  
2700                0.00000421          928.1               2666                1                   
2750                0.00000244          514.8               2728                1                   
2800                0.00000339          741.6               2786                1                   
2850                0.00000552          1236.9              2848                22                  
2900                0.00000363          796.9               2869                1                   
2950                0.00000667          1505.7              2913                66                  
3000                0.00000457          1013.9              2993                1                   
3050                0.00000562          1256.7              3030                1                   
3100                0.00000232          488.1               3054                1                   
3150                0.00000557          1254.1              3117                50                  
3200                0.00000415          911.1               3186                1                   
3250                0.00000849          1938.3              3228                29                  
3300                0.00000355          769.1               3291                1                   
3350                0.00000918          2096.3              3322                10                  
3400                0.00000448          965.7               3346                1                   
3450                0.00000633          1427.7              3438                1                   
3500                0.00000341          742.0               3450                1                   
3550                0.00000526          1178.7              3535                1                   
3600                0.00000758          1704.9              3566                1                   
3650                0.00000641          1440.3              3648                11                  
3700                0.00000890          2030.1              3694                1                   
3750                0.00000959          2195.8              3750                100                 
3800                0.00000795          1813.3              3771                1                   
3850                0.00000459          1023.7              3834                1                   
3900                0.00000442          979.3               3853                1                   
3950                0.00000530          1185.2              3931                1                   
4000                0.00000942          2161.1              3973                48                  
4050                0.00000449          999.3               4047                1                   
4100                0.00000611          1375.7              4099                1                   
4150                0.00000939          2147.7              4100                59                  
4200                0.00000329          717.9               4181                1                   
4250                0.00000494          1099.4              4250                1                   
4300                0.00000500          1119.3              4238                1                   
4350                0.00000489          1085.9              4349                1                   
4400                0.00001071          2462.7              4359                1                   
4450                0.00000321          700.8               4382                1                   
4500                0.00000524          1171.5              4406                1                   
4550                0.00000998          2292.7              4544                1                   
4600                0.00000597          1343.5              4571                1                   
4650                0.00001427          3295.5              4643                87                  
4700                0.00000955          2189.4              4644                1                   
4750                0.00000315          679.3               4726                1                   
4800                0.00001337          3088.3              4725                6                   
4850                0.00000987          2262.3              4816                1                   
4900                0.00001206          2781.1              4875                77                  
4950                0.00001333          2940.8              4942                1                   
5000                0.00000486          1086.8              4937                1                   
5050                0.00000489          1093.2              5049                1                   
5100                0.00000544          1217.8              5031                1                   
5150                0.00000626          1413.7              5138                1                   
5200                0.00001293          2986.3              5138                1                   
5250                0.00000927          2125.5              5208                1                   
5300                0.00000675          1527.3              5295                1                   
5350                0.00001084          2489.6              5328                2                   
5400                0.00000904          2066.3              5378                1                   
5450                0.00000579          1306.9              5419                1                   
5500                0.00000787          1793.8              5500                1                   
5550                0.00001245          2871.5              5467                50                  
5600                0.00000833          1897.2              5442                1                   
5650                0.00000703          1596.4              5649                1                   
5700                0.00000577          1296.3              5699                1                   
5750                0.00000620          1399.7              5740                1                   
5800                0.00000723          1645.3              5755                1                   
5850                0.00000758          1725.3              5820                1                   
5900                0.00000980          2247.8              5752                1                   
5950                0.00000759          1725.3              5910                1                   
6000                0.00000891          2038.3              5909                1                   
6050                0.00001178          2715.1              6010                17                  
6100                0.00001381          3192.8              6066                237                 
6150                0.00000746          1696.5              5982                1                   
6200                0.00001459          3378.0              6186                1                   
6250                0.00001411          3241.5              6207                18                  
6300                0.00000363          787.0               6292                1                   
6350                0.00000477          1063.4              6330                1                   
6400                0.00000751          1657.9              6296                1                   
6450                0.00000550          1215.7              6411                1                   
6500                0.00000497          1114.3              6478                1                   
6550                0.00001384          3133.4              6548                1                   
6600                0.00000819          1872.2              6417                1                   
6650                0.00001127          2524.2              6584                1                   
6700                0.00000594          1339.7              6673                1                   
6750                0.00000759          1729.4              6732                1                   
6800                0.00000914          2021.3              6770                1                   
6850                0.00000873          2000.1              6830                1                   
6900                0.00000829          1597.9              6735                1                   
6950                0.00000881          2014.9              6873                1                   
7000                0.00001917          4417.7              6874                58                  
7050                0.00000660          1495.2              6994                1                   
7100                0.00000624          1406.3              6821                1                   
7150                0.00000596          1299.0              7098                1                   
7200                0.00000724          1643.3              7160                1                   
7250                0.00001844          4249.9              7105                34                  
7300                0.00000917          2099.1              7287                1                   
7350                0.00001091          2454.3              7302                1                   
7400                0.00001183          2728.7              7326                1                   
7450                0.00001494          3421.5              7399                135                 
7500                0.00000937          2147.7              7484                1                   
7550                0.00001334          3042.6              7543                20                  
7600                0.00000482          1072.0              7599                1                   
7650                0.00002324          5375.9              7628                28                  
7700                0.00000915          2096.0              7696                1                   
7750                0.00001586          3625.8              7679                1                   
7800                0.00001449          3316.0              7719                1                   
7850                0.00001302          2999.0              7798                1                   
7900                0.00002184          5000.3              7887                19                  
7950                0.00001109          2553.0              7891                1                   
8000                0.00000977          2201.8              7905                1                   
8050                0.00001883          4349.7              7974                1                   
8100                0.00001588          3649.2              8039                1                   
8150                0.00001073          2474.6              8121                1                   
8200                0.00002037          4701.2              8172                1                   
8250                0.00002042          4668.4              8150                1                   
8300                0.00000727          1653.9              8158                1                   
8350                0.00001213          2730.7              8273                1                   
8400                0.00000733          1663.3              8284                1                   
8450                0.00000839          1792.9              8442                1                   
8500                0.00000965          2211.3              8460                1                   
8550                0.00001388          3147.6              8513                1                   
8600                0.00000561          1262.5              8577                1                   
8650                0.00001614          3684.0              8634                171                 
8700                0.00001918          4399.9              8650                130                 
8750                0.00001354          3069.6              8741                1                   
8800                0.00001351          3061.8              8796                1                   
8850                0.00001353          3104.2              8839                1                   
8900                0.00000644          1457.5              8841                1                   
8950                0.00001234          2810.2              8924                1                   
9000                0.00001439          3292.7              8983                1                   
9050                0.00001950          4499.4              8966                1                   
9100                0.00001781          4109.4              9070                27                  
9150                0.00001988          4591.3              9133                1                   
9200                0.00001746          4021.1              9042                1                   
9250                0.00001967          4492.7              9250                79                  
9300                0.00001766          4070.4              9179                168                 
9350                0.00002169          4996.5              9350                1                   
9400                0.00000777          1768.0              9381                1                   
9450                0.00001202          2715.8              9383                1                   
9500                0.00001500          3433.1              9500                21                  
9550                0.00000949          2178.5              9383                1                   
9600                0.00001408          3223.9              9548                1                   
9650                0.00000776          1767.6              9588                1                   
9700                0.00001801          4115.7              9655                1                   
9750                0.00001793          4132.3              9689                1                   
9800                0.00002101          4853.6              9703                41                  
9850                0.00001090          2477.7              9847                1                   
9900                0.00001354          3093.8              9883                1                   
9950                0.00001321          3014.1              9942                1                   
10000               0.00000660          1482.0              9935                1                   
