1000                0.00000030          9.9                 1000                1                   
1050                0.00000030          10.0                1050                1                   
1100                0.00000030          10.3                1100                1                   
1150                0.00000030          10.5                1150                1                   
1200                0.00000030          11.1                1200                1                   
1250                0.00000031          11.5                1250                1                   
1300                0.00000031          11.5                1300                1                   
1350                0.00000031          11.6                1350                1                   
1400                0.00000031          12.4                1400                1                   
1450                0.00000031          12.8                1450                1                   
1500                0.00000031          12.7                1500                1                   
1550                0.00000031          12.6                1550                1                   
1600                0.00000031          13.0                1600                1                   
1650                0.00000032          13.7                1650                1                   
1700                0.00000031          13.5                1700                1                   
1750                0.00000032          14.3                1750                1                   
1800                0.00000032          13.6                1800                1                   
1850                0.00000032          14.4                1850                1                   
1900                0.00000032          15.3                1900                1                   
1950                0.00000032          15.5                1950                1                   
2000                0.00000032          15.6                2000                1                   
2050                0.00000032          15.4                2050                1                   
2100                0.00000033          16.5                2100                1                   
2150                0.00000033          16.5                2150                1                   
2200                0.00000033          16.3                2200                1                   
2250                0.00000033          16.6                2250                1                   
2300                0.00000033          16.2                2300                1                   
2350                0.00000033          17.4                2350                1                   
2400                0.00000033          17.5                2400                1                   
2450                0.00000033          17.7                2450                1                   
2500                0.00000033          17.4                2500                1                   
2550                0.00000033          17.4                2550                1                   
2600                0.00000034          18.5                2600                1                   
2650                0.00000034          18.8                2650                1                   
2700                0.00000034          19.3                2700                1                   
2750                0.00000034          18.9                2750                1                   
2800                0.00000034          19.5                2800                1                   
2850                0.00000034          19.8                2850                1                   
2900                0.00000034          20.1                2900                1                   
2950                0.00000034          19.9                2950                1                   
3000                0.00000034          20.3                3000                1                   
3050                0.00000034          20.2                3050                1                   
3100                0.00000034          20.6                3100                1                   
3150                0.00000034          20.1                3150                1                   
3200                0.00000035          21.7                3200                1                   
3250                0.00000035          22.8                3250                1                   
3300                0.00000035          22.6                3300                1                   
3350                0.00000035          21.8                3350                1                   
3400                0.00000036          23.6                3400                1                   
3450                0.00000035          22.9                3450                1                   
3500                0.00000036          23.5                3500                1                   
3550                0.00000036          23.2                3550                1                   
3600                0.00000036          25.1                3600                1                   
3650                0.00000036          24.8                3650                1                   
3700                0.00000036          25.2                3700                1                   
3750                0.00000036          24.7                3750                1                   
3800                0.00000037          25.6                3800                1                   
3850                0.00000036          24.9                3850                1                   
3900                0.00000036          24.7                3901                1                   
3950                0.00000037          26.2                3950                1                   
4000                0.00000037          26.3                4000                1                   
4050                0.00000037          27.0                4050                1                   
4100                0.00000037          27.0                4100                1                   
4150                0.00000037          27.7                4150                1                   
4200                0.00000037          27.2                4200                1                   
4250                0.00000037          26.9                4250                1                   
4300                0.00000037          26.7                4300                1                   
4350                0.00000038          28.1                4350                1                   
4400                0.00000041          28.5                4400                1                   
4450                0.00000039          26.8                4450                1                   
4500                0.00000038          27.2                4500                1                   
4550                0.00000041          29.7                4550                1                   
4600                0.00000038          29.2                4600                1                   
4650                0.00000038          29.6                4650                1                   
4700                0.00000039          30.9                4700                1                   
4750                0.00000038          29.8                4750                1                   
4800                0.00000039          31.1                4800                1                   
4850                0.00000039          32.1                4850                1                   
4900                0.00000038          30.5                4900                1                   
4950                0.00000039          32.2                4950                1                   
5000                0.00000039          30.9                5000                1                   
5050                0.00000039          30.5                5050                1                   
5100                0.00000039          31.0                5100                1                   
5150                0.00000039          31.5                5150                1                   
5200                0.00000039          31.8                5200                1                   
5250                0.00000040          34.2                5250                1                   
5300                0.00000039          31.8                5301                1                   
5350                0.00000039          31.9                5350                1                   
5400                0.00000040          34.6                5400                1                   
5450                0.00000040          34.6                5450                1                   
5500                0.00000040          33.6                5500                1                   
5550                0.00000040          35.2                5550                1                   
5600                0.00000040          34.0                5600                1                   
5650                0.00000041          35.9                5650                1                   
5700                0.00000041          34.7                5700                1                   
5750                0.00000040          34.3                5750                1                   
5800                0.00000040          34.6                5800                1                   
5850                0.00000041          35.6                5850                1                   
5900                0.00000041          36.0                5899                1                   
5950                0.00000041          37.2                5950                1                   
6000                0.00000042          38.2                6000                1                   
6050                0.00000042          37.9                6050                1                   
6100                0.00000041          36.0                6100                1                   
6150                0.00000042          38.3                6150                1                   
6200                0.00000041          36.2                6200                1                   
6250                0.00000042          38.5                6250                1                   
6300                0.00000042          38.1                6300                1                   
6350                0.00000042          38.8                6350                1                   
6400                0.00000042          38.6                6400                1                   
6450                0.00000042          38.7                6450                1                   
6500                0.00000042          38.5                6500                1                   
6550                0.00000043          40.7                6550                1                   
6600                0.00000042          39.6                6600                1                   
6650                0.00000043          40.6                6650                1                   
6700                0.00000043          40.4                6700                1                   
6750                0.00000043          40.4                6750                1                   
6800                0.00000043          40.0                6800                1                   
6850                0.00000043          40.4                6850                1                   
6900                0.00000044          43.4                6900                1                   
6950                0.00000043          41.1                6950                1                   
7000                0.00000043          41.4                7001                1                   
7050                0.00000044          42.9                7050                1                   
7100                0.00000043          41.9                7100                1                   
7150                0.00000045          44.6                7150                1                   
7200                0.00000044          42.6                7200                1                   
7250                0.00000044          43.5                7250                1                   
7300                0.00000045          45.4                7300                1                   
7350                0.00000045          44.9                7350                1                   
7400                0.00000044          43.0                7400                1                   
7450                0.00000044          44.2                7450                1                   
7500                0.00000046          47.0                7499                1                   
7550                0.00000044          43.7                7550                1                   
7600                0.00000044          42.3                7600                1                   
7650                0.00000046          48.2                7650                1                   
7700                0.00000045          45.1                7700                1                   
7750                0.00000046          46.8                7750                1                   
7800                0.00000045          44.5                7800                1                   
7850                0.00000045          45.8                7850                1                   
7900                0.00000046          47.4                7900                1                   
7950                0.00000046          47.5                7950                1                   
8000                0.00000047          49.2                8000                1                   
8050                0.00000046          46.8                8050                1                   
8100                0.00000046          46.8                8100                1                   
8150                0.00000046          48.9                8150                1                   
8200                0.00000045          45.2                8200                1                   
8250                0.00000046          48.5                8250                1                   
8300                0.00000047          50.8                8299                1                   
8350                0.00000045          45.9                8350                1                   
8400                0.00000047          49.7                8400                1                   
8450                0.00000046          48.1                8450                1                   
8500                0.00000047          50.6                8500                1                   
8550                0.00000047          50.1                8550                1                   
8600                0.00000047          51.1                8600                1                   
8650                0.00000047          49.7                8650                1                   
8700                0.00000046          48.6                8700                1                   
8750                0.00000048          51.5                8750                1                   
8800                0.00000047          51.0                8800                1                   
8850                0.00000048          52.8                8850                1                   
8900                0.00000048          52.1                8900                1                   
8950                0.00000048          52.8                8950                1                   
9000                0.00000047          50.6                9000                1                   
9050                0.00000047          51.5                9050                1                   
9100                0.00000047          51.2                9100                1                   
9150                0.00000048          53.9                9150                1                   
9200                0.00000048          53.8                9200                1                   
9250                0.00000049          54.8                9250                1                   
9300                0.00000048          52.3                9300                1                   
9350                0.00000047          51.5                9350                1                   
9400                0.00000049          54.8                9400                1                   
9450                0.00000049          54.8                9450                1                   
9500                0.00000049          55.2                9500                1                   
9550                0.00000049          56.2                9550                1                   
9600                0.00000050          57.1                9601                1                   
9650                0.00000048          53.8                9650                1                   
9700                0.00000050          56.4                9700                1                   
9750                0.00000049          54.3                9751                1                   
9800                0.00000051          59.7                9800                1                   
9850                0.00000050          57.2                9850                1                   
9900                0.00000049          55.6                9900                1                   
9950                0.00000050          58.2                9950                1                   
10000               0.00000050          58.1                10000               1                   
